2026-05-20 20:48:40 INFO  [main] com.finanalysis.FinancialAnalysisApplication - Starting FinancialAnalysisApplication using Java 21.0.11 with PID 2372 (C:\Users\Gaming\financial-analysis\target\classes started by Gaming in C:\Users\Gaming\financial-analysis)
2026-05-20 20:48:40 INFO  [main] com.finanalysis.FinancialAnalysisApplication - The following 1 profile is active: "h2"
2026-05-20 20:48:41 INFO  [main] o.s.d.r.config.RepositoryConfigurationDelegate - Bootstrapping Spring Data JPA repositories in DEFAULT mode.
2026-05-20 20:48:41 INFO  [main] o.s.d.r.config.RepositoryConfigurationDelegate - Finished Spring Data repository scanning in 36 ms. Found 6 JPA repository interfaces.
2026-05-20 20:48:42 INFO  [main] o.s.boot.web.embedded.tomcat.TomcatWebServer - Tomcat initialized with port 8080 (http)
2026-05-20 20:48:42 INFO  [main] org.apache.catalina.core.StandardService - Starting service [Tomcat]
2026-05-20 20:48:42 INFO  [main] org.apache.catalina.core.StandardEngine - Starting Servlet engine: [Apache Tomcat/10.1.19]
2026-05-20 20:48:42 INFO  [main] o.a.c.core.ContainerBase.[Tomcat].[localhost].[/] - Initializing Spring embedded WebApplicationContext
2026-05-20 20:48:42 INFO  [main] o.s.b.w.s.c.ServletWebServerApplicationContext - Root WebApplicationContext: initialization completed in 1670 ms
2026-05-20 20:48:42 INFO  [main] com.zaxxer.hikari.HikariDataSource - HikariPool-1 - Starting...
2026-05-20 20:48:42 INFO  [main] com.zaxxer.hikari.pool.HikariPool - HikariPool-1 - Added connection conn0: url=jdbc:h2:file:./data/financial_analysis user=SA
2026-05-20 20:48:42 INFO  [main] com.zaxxer.hikari.HikariDataSource - HikariPool-1 - Start completed.
2026-05-20 20:48:42 INFO  [main] o.s.b.autoconfigure.h2.H2ConsoleAutoConfiguration - H2 console available at '/h2-console'. Database available at 'jdbc:h2:file:./data/financial_analysis'
2026-05-20 20:48:43 INFO  [main] o.s.o.j.persistenceunit.SpringPersistenceUnitInfo - No LoadTimeWeaver setup: ignoring JPA class transformer
2026-05-20 20:48:43 WARN  [main] org.hibernate.orm.deprecation - HHH90000025: H2Dialect does not need to be specified explicitly using 'hibernate.dialect' (remove the property setting and it will be selected by default)
2026-05-20 20:48:44 INFO  [main] o.s.orm.jpa.LocalContainerEntityManagerFactoryBean - Initialized JPA EntityManagerFactory for persistence unit 'default'
2026-05-20 20:48:44 INFO  [main] o.s.data.jpa.repository.query.QueryEnhancerFactory - Hibernate is in classpath; If applicable, HQL parser will be used.
2026-05-20 20:48:45 WARN  [main] o.s.b.a.o.j.JpaBaseConfiguration$JpaWebConfiguration - spring.jpa.open-in-view is enabled by default. Therefore, database queries may be performed during view rendering. Explicitly configure spring.jpa.open-in-view to disable this warning
2026-05-20 20:48:45 INFO  [main] o.s.b.actuate.endpoint.web.EndpointLinksResolver - Exposing 2 endpoint(s) beneath base path '/actuator'
2026-05-20 20:48:45 INFO  [main] o.s.boot.web.embedded.tomcat.TomcatWebServer - Tomcat started on port 8080 (http) with context path ''
2026-05-20 20:48:45 INFO  [main] com.finanalysis.FinancialAnalysisApplication - Started FinancialAnalysisApplication in 5.427 seconds (process running for 5.906)
2026-05-20 20:48:46 INFO  [RMI TCP Connection(2)-127.0.0.1] o.a.c.core.ContainerBase.[Tomcat].[localhost].[/] - Initializing Spring DispatcherServlet 'dispatcherServlet'
2026-05-20 21:02:57 INFO  [main] com.finanalysis.FinancialAnalysisApplication - Starting FinancialAnalysisApplication using Java 21.0.11 with PID 26444 (C:\Users\Gaming\financial-analysis\target\classes started by Gaming in C:\Users\Gaming\financial-analysis)
2026-05-20 21:02:57 INFO  [main] com.finanalysis.FinancialAnalysisApplication - The following 1 profile is active: "h2"
2026-05-20 21:02:58 INFO  [main] o.s.d.r.config.RepositoryConfigurationDelegate - Bootstrapping Spring Data JPA repositories in DEFAULT mode.
2026-05-20 21:02:58 INFO  [main] o.s.d.r.config.RepositoryConfigurationDelegate - Finished Spring Data repository scanning in 29 ms. Found 6 JPA repository interfaces.
2026-05-20 21:02:58 INFO  [main] o.s.boot.web.embedded.tomcat.TomcatWebServer - Tomcat initialized with port 8080 (http)
2026-05-20 21:02:58 INFO  [main] org.apache.catalina.core.StandardService - Starting service [Tomcat]
2026-05-20 21:02:58 INFO  [main] org.apache.catalina.core.StandardEngine - Starting Servlet engine: [Apache Tomcat/10.1.19]
2026-05-20 21:02:58 INFO  [main] o.a.c.core.ContainerBase.[Tomcat].[localhost].[/] - Initializing Spring embedded WebApplicationContext
2026-05-20 21:02:58 INFO  [main] o.s.b.w.s.c.ServletWebServerApplicationContext - Root WebApplicationContext: initialization completed in 1273 ms
2026-05-20 21:02:59 INFO  [main] com.zaxxer.hikari.HikariDataSource - HikariPool-1 - Starting...
2026-05-20 21:02:59 INFO  [main] com.zaxxer.hikari.pool.HikariPool - HikariPool-1 - Added connection conn0: url=jdbc:h2:file:./data/financial_analysis user=SA
2026-05-20 21:02:59 INFO  [main] com.zaxxer.hikari.HikariDataSource - HikariPool-1 - Start completed.
2026-05-20 21:02:59 INFO  [main] o.s.b.autoconfigure.h2.H2ConsoleAutoConfiguration - H2 console available at '/h2-console'. Database available at 'jdbc:h2:file:./data/financial_analysis'
2026-05-20 21:02:59 INFO  [main] o.s.o.j.persistenceunit.SpringPersistenceUnitInfo - No LoadTimeWeaver setup: ignoring JPA class transformer
2026-05-20 21:02:59 WARN  [main] org.hibernate.orm.deprecation - HHH90000025: H2Dialect does not need to be specified explicitly using 'hibernate.dialect' (remove the property setting and it will be selected by default)
2026-05-20 21:03:00 INFO  [main] o.s.orm.jpa.LocalContainerEntityManagerFactoryBean - Initialized JPA EntityManagerFactory for persistence unit 'default'
2026-05-20 21:03:00 INFO  [main] o.s.data.jpa.repository.query.QueryEnhancerFactory - Hibernate is in classpath; If applicable, HQL parser will be used.
2026-05-20 21:03:00 WARN  [main] o.s.b.a.o.j.JpaBaseConfiguration$JpaWebConfiguration - spring.jpa.open-in-view is enabled by default. Therefore, database queries may be performed during view rendering. Explicitly configure spring.jpa.open-in-view to disable this warning
2026-05-20 21:03:01 INFO  [main] o.s.b.a.web.servlet.WelcomePageHandlerMapping - Adding welcome page: class path resource [static/index.html]
2026-05-20 21:03:01 INFO  [main] o.s.b.actuate.endpoint.web.EndpointLinksResolver - Exposing 2 endpoint(s) beneath base path '/actuator'
2026-05-20 21:03:01 INFO  [main] o.s.boot.web.embedded.tomcat.TomcatWebServer - Tomcat started on port 8080 (http) with context path ''
2026-05-20 21:03:01 INFO  [main] com.finanalysis.FinancialAnalysisApplication - Started FinancialAnalysisApplication in 4.039 seconds (process running for 4.371)
2026-05-20 21:03:13 INFO  [http-nio-8080-exec-1] o.a.c.core.ContainerBase.[Tomcat].[localhost].[/] - Initializing Spring DispatcherServlet 'dispatcherServlet'
2026-05-20 21:03:13 INFO  [http-nio-8080-exec-10] org.springdoc.api.AbstractOpenApiResource - Init duration for springdoc-openapi is: 436 ms
